0: 384x640 1 pedestrian, 26 cars, 137.1ms
Speed: 4.1ms preprocess, 137.1ms inference, 1.2ms postprocess per image at shape (1, 3, 384, 640)

0: 384x640 1 pedestrian, 26 cars, 108.6ms
Speed: 1.2ms preprocess, 108.6ms inference, 1.0ms postprocess per image at shape (1, 3, 384, 640)

0: 384x640 1 pedestrian, 24 cars, 125.5ms
Speed: 1.7ms preprocess, 125.5ms inference, 1.5ms postprocess per image at shape (1, 3, 384, 640)

0: 384x640 1 pedestrian, 27 cars, 102.3ms
Speed: 1.2ms preprocess, 102.3ms inference, 0.9ms postprocess per image at shape (1, 3, 384, 640)

0: 384x640 1 pedestrian, 27 cars, 110.2ms
Speed: 1.7ms preprocess, 110.2ms inference, 0.9ms postprocess per image at shape (1, 3, 384, 640)

0: 384x640 1 pedestrian, 28 cars, 100.7ms
Speed: 1.2ms preprocess, 100.7ms inference, 0.9ms postprocess per image at shape (1, 3, 384, 640)

0: 384x640 1 pedestrian, 28 cars, 96.2ms
Speed: 1.6ms preprocess, 96.2ms inference, 0.9ms postprocess per image at shape (1, 3, 384, 640)

0: 384x640 1 pedestrian, 28 cars, 103.1ms
Speed: 1.3ms preprocess, 103.1ms inference, 0.9ms postprocess per image at shape (1, 3, 384, 640)

0: 384x640 1 pedestrian, 27 cars, 95.3ms
Speed: 1.4ms preprocess, 95.3ms inference, 0.8ms postprocess per image at shape (1, 3, 384, 640)

0: 384x640 1 pedestrian, 30 cars, 91.9ms
Speed: 1.2ms preprocess, 91.9ms inference, 0.8ms postprocess per image at shape (1, 3, 384, 640)

0: 384x640 1 pedestrian, 26 cars, 105.2ms
Speed: 2.4ms preprocess, 105.2ms inference, 0.8ms postprocess per image at shape (1, 3, 384, 640)

0: 384x640 1 pedestrian, 28 cars, 92.7ms
Speed: 1.2ms preprocess, 92.7ms inference, 0.8ms postprocess per image at shape (1, 3, 384, 640)

0: 384x640 1 pedestrian, 28 cars, 103.6ms
Speed: 1.4ms preprocess, 103.6ms inference, 0.8ms postprocess per image at shape (1, 3, 384, 640)

0: 384x640 2 pedestrians, 28 cars, 93.7ms
Speed: 1.2ms preprocess, 93.7ms inference, 0.8ms postprocess per image at shape (1, 3, 384, 640)

0: 384x640 2 pedestrians, 28 cars, 109.6ms
Speed: 1.6ms preprocess, 109.6ms inference, 0.8ms postprocess per image at shape (1, 3, 384, 640)

0: 384x640 2 pedestrians, 30 cars, 104.7ms
Speed: 1.2ms preprocess, 104.7ms inference, 0.8ms postprocess per image at shape (1, 3, 384, 640)

0: 384x640 2 pedestrians, 27 cars, 97.1ms
Speed: 2.1ms preprocess, 97.1ms inference, 0.8ms postprocess per image at shape (1, 3, 384, 640)

0: 384x640 2 pedestrians, 27 cars, 104.7ms
Speed: 1.2ms preprocess, 104.7ms inference, 0.8ms postprocess per image at shape (1, 3, 384, 640)

0: 384x640 2 pedestrians, 27 cars, 111.0ms
Speed: 1.4ms preprocess, 111.0ms inference, 0.8ms postprocess per image at shape (1, 3, 384, 640)

0: 384x640 3 pedestrians, 29 cars, 92.8ms
Speed: 1.2ms preprocess, 92.8ms inference, 0.8ms postprocess per image at shape (1, 3, 384, 640)

0: 384x640 2 pedestrians, 27 cars, 96.9ms
Speed: 1.4ms preprocess, 96.9ms inference, 0.9ms postprocess per image at shape (1, 3, 384, 640)

0: 384x640 2 pedestrians, 28 cars, 94.4ms
Speed: 1.1ms preprocess, 94.4ms inference, 0.9ms postprocess per image at shape (1, 3, 384, 640)

0: 384x640 2 pedestrians, 29 cars, 112.8ms
Speed: 1.5ms preprocess, 112.8ms inference, 0.9ms postprocess per image at shape (1, 3, 384, 640)

0: 384x640 2 pedestrians, 30 cars, 106.2ms
Speed: 1.2ms preprocess, 106.2ms inference, 0.8ms postprocess per image at shape (1, 3, 384, 640)

0: 384x640 1 pedestrian, 30 cars, 107.1ms
Speed: 2.3ms preprocess, 107.1ms inference, 0.9ms postprocess per image at shape (1, 3, 384, 640)

0: 384x640 1 pedestrian, 30 cars, 93.7ms
Speed: 1.2ms preprocess, 93.7ms inference, 0.8ms postprocess per image at shape (1, 3, 384, 640)

0: 384x640 1 pedestrian, 29 cars, 115.4ms
Speed: 1.6ms preprocess, 115.4ms inference, 0.9ms postprocess per image at shape (1, 3, 384, 640)

0: 384x640 2 pedestrians, 29 cars, 107.8ms
Speed: 1.2ms preprocess, 107.8ms inference, 0.8ms postprocess per image at shape (1, 3, 384, 640)

0: 384x640 2 pedestrians, 26 cars, 1 van, 108.9ms
Speed: 1.5ms preprocess, 108.9ms inference, 0.9ms postprocess per image at shape (1, 3, 384, 640)

0: 384x640 2 pedestrians, 28 cars, 1 van, 96.7ms
Speed: 1.1ms preprocess, 96.7ms inference, 0.8ms postprocess per image at shape (1, 3, 384, 640)

0: 384x640 3 pedestrians, 27 cars, 1 van, 115.6ms
Speed: 1.6ms preprocess, 115.6ms inference, 0.9ms postprocess per image at shape (1, 3, 384, 640)

0: 384x640 3 pedestrians, 27 cars, 1 van, 107.4ms
Speed: 1.1ms preprocess, 107.4ms inference, 0.8ms postprocess per image at shape (1, 3, 384, 640)

0: 384x640 3 pedestrians, 27 cars, 1 van, 116.9ms
Speed: 2.1ms preprocess, 116.9ms inference, 0.9ms postprocess per image at shape (1, 3, 384, 640)

0: 384x640 3 pedestrians, 27 cars, 1 van, 97.7ms
Speed: 1.1ms preprocess, 97.7ms inference, 0.8ms postprocess per image at shape (1, 3, 384, 640)

0: 384x640 3 pedestrians, 25 cars, 96.9ms
Speed: 1.5ms preprocess, 96.9ms inference, 0.8ms postprocess per image at shape (1, 3, 384, 640)

0: 384x640 3 pedestrians, 26 cars, 93.0ms
Speed: 1.2ms preprocess, 93.0ms inference, 0.8ms postprocess per image at shape (1, 3, 384, 640)

0: 384x640 2 pedestrians, 26 cars, 111.7ms
Speed: 1.5ms preprocess, 111.7ms inference, 0.8ms postprocess per image at shape (1, 3, 384, 640)

0: 384x640 2 pedestrians, 26 cars, 91.8ms
Speed: 1.1ms preprocess, 91.8ms inference, 0.8ms postprocess per image at shape (1, 3, 384, 640)

0: 384x640 3 pedestrians, 28 cars, 102.3ms
Speed: 1.4ms preprocess, 102.3ms inference, 0.9ms postprocess per image at shape (1, 3, 384, 640)

0: 384x640 3 pedestrians, 28 cars, 91.5ms
Speed: 1.2ms preprocess, 91.5ms inference, 0.8ms postprocess per image at shape (1, 3, 384, 640)

0: 384x640 2 pedestrians, 27 cars, 104.1ms
Speed: 1.9ms preprocess, 104.1ms inference, 0.8ms postprocess per image at shape (1, 3, 384, 640)

0: 384x640 2 pedestrians, 27 cars, 92.4ms
Speed: 1.3ms preprocess, 92.4ms inference, 0.8ms postprocess per image at shape (1, 3, 384, 640)

0: 384x640 2 pedestrians, 28 cars, 109.0ms
Speed: 1.7ms preprocess, 109.0ms inference, 0.9ms postprocess per image at shape (1, 3, 384, 640)

0: 384x640 2 pedestrians, 28 cars, 94.2ms
Speed: 1.2ms preprocess, 94.2ms inference, 0.8ms postprocess per image at shape (1, 3, 384, 640)

0: 384x640 2 pedestrians, 28 cars, 107.7ms
Speed: 1.8ms preprocess, 107.7ms inference, 0.8ms postprocess per image at shape (1, 3, 384, 640)

0: 384x640 2 pedestrians, 32 cars, 93.0ms
Speed: 1.3ms preprocess, 93.0ms inference, 0.8ms postprocess per image at shape (1, 3, 384, 640)

0: 384x640 2 pedestrians, 31 cars, 113.1ms
Speed: 1.6ms preprocess, 113.1ms inference, 0.9ms postprocess per image at shape (1, 3, 384, 640)

0: 384x640 2 pedestrians, 32 cars, 104.6ms
Speed: 1.2ms preprocess, 104.6ms inference, 0.8ms postprocess per image at shape (1, 3, 384, 640)

0: 384x640 2 pedestrians, 27 cars, 1 van, 95.3ms
Speed: 1.8ms preprocess, 95.3ms inference, 0.8ms postprocess per image at shape (1, 3, 384, 640)

0: 384x640 3 pedestrians, 28 cars, 1 van, 91.1ms
Speed: 1.2ms preprocess, 91.1ms inference, 0.8ms postprocess per image at shape (1, 3, 384, 640)

0: 384x640 3 pedestrians, 27 cars, 116.3ms
Speed: 1.5ms preprocess, 116.3ms inference, 0.9ms postprocess per image at shape (1, 3, 384, 640)

0: 384x640 3 pedestrians, 29 cars, 1 van, 102.1ms
Speed: 1.1ms preprocess, 102.1ms inference, 0.8ms postprocess per image at shape (1, 3, 384, 640)

0: 384x640 3 pedestrians, 29 cars, 97.7ms
Speed: 1.4ms preprocess, 97.7ms inference, 0.9ms postprocess per image at shape (1, 3, 384, 640)

0: 384x640 3 pedestrians, 30 cars, 95.8ms
Speed: 1.2ms preprocess, 95.8ms inference, 0.8ms postprocess per image at shape (1, 3, 384, 640)

0: 384x640 4 pedestrians, 28 cars, 95.2ms
Speed: 1.4ms preprocess, 95.2ms inference, 0.9ms postprocess per image at shape (1, 3, 384, 640)

0: 384x640 4 pedestrians, 28 cars, 91.8ms
Speed: 1.1ms preprocess, 91.8ms inference, 0.8ms postprocess per image at shape (1, 3, 384, 640)

0: 384x640 2 pedestrians, 25 cars, 110.1ms
Speed: 1.5ms preprocess, 110.1ms inference, 0.9ms postprocess per image at shape (1, 3, 384, 640)

0: 384x640 2 pedestrians, 25 cars, 94.2ms
Speed: 1.6ms preprocess, 94.2ms inference, 0.8ms postprocess per image at shape (1, 3, 384, 640)

0: 384x640 2 pedestrians, 26 cars, 101.6ms
Speed: 2.1ms preprocess, 101.6ms inference, 0.9ms postprocess per image at shape (1, 3, 384, 640)

0: 384x640 2 pedestrians, 26 cars, 96.0ms
Speed: 1.2ms preprocess, 96.0ms inference, 0.8ms postprocess per image at shape (1, 3, 384, 640)

0: 384x640 2 pedestrians, 27 cars, 105.6ms
Speed: 2.0ms preprocess, 105.6ms inference, 0.8ms postprocess per image at shape (1, 3, 384, 640)

0: 384x640 2 pedestrians, 27 cars, 91.0ms
Speed: 1.2ms preprocess, 91.0ms inference, 0.8ms postprocess per image at shape (1, 3, 384, 640)

0: 384x640 2 pedestrians, 26 cars, 112.0ms
Speed: 1.5ms preprocess, 112.0ms inference, 0.9ms postprocess per image at shape (1, 3, 384, 640)

0: 384x640 2 pedestrians, 26 cars, 107.3ms
Speed: 1.3ms preprocess, 107.3ms inference, 0.9ms postprocess per image at shape (1, 3, 384, 640)

0: 384x640 2 pedestrians, 29 cars, 97.1ms
Speed: 1.4ms preprocess, 97.1ms inference, 0.8ms postprocess per image at shape (1, 3, 384, 640)

0: 384x640 2 pedestrians, 29 cars, 91.1ms
Speed: 1.1ms preprocess, 91.1ms inference, 0.8ms postprocess per image at shape (1, 3, 384, 640)

0: 384x640 2 pedestrians, 29 cars, 109.7ms
Speed: 1.7ms preprocess, 109.7ms inference, 0.9ms postprocess per image at shape (1, 3, 384, 640)

0: 384x640 2 pedestrians, 29 cars, 95.5ms
Speed: 1.2ms preprocess, 95.5ms inference, 0.9ms postprocess per image at shape (1, 3, 384, 640)

0: 384x640 1 pedestrian, 28 cars, 112.0ms
Speed: 2.1ms preprocess, 112.0ms inference, 0.9ms postprocess per image at shape (1, 3, 384, 640)

0: 384x640 1 pedestrian, 28 cars, 104.4ms
Speed: 1.2ms preprocess, 104.4ms inference, 0.8ms postprocess per image at shape (1, 3, 384, 640)

0: 384x640 1 pedestrian, 27 cars, 106.2ms
Speed: 1.3ms preprocess, 106.2ms inference, 0.8ms postprocess per image at shape (1, 3, 384, 640)

0: 384x640 1 pedestrian, 28 cars, 92.1ms
Speed: 1.2ms preprocess, 92.1ms inference, 0.8ms postprocess per image at shape (1, 3, 384, 640)

0: 384x640 2 pedestrians, 28 cars, 101.1ms
Speed: 1.4ms preprocess, 101.1ms inference, 0.9ms postprocess per image at shape (1, 3, 384, 640)

0: 384x640 2 pedestrians, 28 cars, 92.7ms
Speed: 1.2ms preprocess, 92.7ms inference, 0.8ms postprocess per image at shape (1, 3, 384, 640)

0: 384x640 1 pedestrian, 26 cars, 105.3ms
Speed: 1.5ms preprocess, 105.3ms inference, 0.8ms postprocess per image at shape (1, 3, 384, 640)

0: 384x640 1 pedestrian, 27 cars, 94.4ms
Speed: 1.2ms preprocess, 94.4ms inference, 0.8ms postprocess per image at shape (1, 3, 384, 640)

0: 384x640 2 pedestrians, 28 cars, 100.2ms
Speed: 1.6ms preprocess, 100.2ms inference, 0.9ms postprocess per image at shape (1, 3, 384, 640)

0: 384x640 2 pedestrians, 28 cars, 92.8ms
Speed: 1.1ms preprocess, 92.8ms inference, 0.8ms postprocess per image at shape (1, 3, 384, 640)

0: 384x640 1 pedestrian, 28 cars, 105.2ms
Speed: 1.5ms preprocess, 105.2ms inference, 0.9ms postprocess per image at shape (1, 3, 384, 640)

0: 384x640 1 pedestrian, 29 cars, 92.8ms
Speed: 1.2ms preprocess, 92.8ms inference, 0.8ms postprocess per image at shape (1, 3, 384, 640)

0: 384x640 1 pedestrian, 27 cars, 102.1ms
Speed: 2.0ms preprocess, 102.1ms inference, 0.8ms postprocess per image at shape (1, 3, 384, 640)

0: 384x640 1 pedestrian, 27 cars, 92.3ms
Speed: 1.2ms preprocess, 92.3ms inference, 0.8ms postprocess per image at shape (1, 3, 384, 640)

0: 384x640 1 pedestrian, 27 cars, 107.8ms
Speed: 1.8ms preprocess, 107.8ms inference, 0.9ms postprocess per image at shape (1, 3, 384, 640)

0: 384x640 1 pedestrian, 27 cars, 93.3ms
Speed: 1.2ms preprocess, 93.3ms inference, 0.8ms postprocess per image at shape (1, 3, 384, 640)

0: 384x640 1 pedestrian, 27 cars, 140.7ms
Speed: 17.5ms preprocess, 140.7ms inference, 0.9ms postprocess per image at shape (1, 3, 384, 640)

0: 384x640 1 pedestrian, 27 cars, 107.1ms
Speed: 1.2ms preprocess, 107.1ms inference, 0.9ms postprocess per image at shape (1, 3, 384, 640)

0: 384x640 1 pedestrian, 27 cars, 106.6ms
Speed: 1.3ms preprocess, 106.6ms inference, 0.8ms postprocess per image at shape (1, 3, 384, 640)

0: 384x640 1 pedestrian, 27 cars, 108.5ms
Speed: 1.2ms preprocess, 108.5ms inference, 0.8ms postprocess per image at shape (1, 3, 384, 640)

0: 384x640 2 pedestrians, 27 cars, 112.6ms
Speed: 1.8ms preprocess, 112.6ms inference, 0.9ms postprocess per image at shape (1, 3, 384, 640)

0: 384x640 2 pedestrians, 30 cars, 106.7ms
Speed: 1.2ms preprocess, 106.7ms inference, 0.8ms postprocess per image at shape (1, 3, 384, 640)

0: 384x640 2 pedestrians, 28 cars, 99.2ms
Speed: 1.3ms preprocess, 99.2ms inference, 0.9ms postprocess per image at shape (1, 3, 384, 640)

0: 384x640 2 pedestrians, 28 cars, 94.8ms
Speed: 1.2ms preprocess, 94.8ms inference, 0.8ms postprocess per image at shape (1, 3, 384, 640)
Redirecionado para 100 segundos.

0: 384x640 25 cars, 123.4ms
Speed: 2.2ms preprocess, 123.4ms inference, 0.9ms postprocess per image at shape (1, 3, 384, 640)

0: 384x640 1 pedestrian, 28 cars, 95.3ms
Speed: 1.1ms preprocess, 95.3ms inference, 0.8ms postprocess per image at shape (1, 3, 384, 640)

0: 384x640 1 pedestrian, 28 cars, 103.7ms
Speed: 2.0ms preprocess, 103.7ms inference, 0.8ms postprocess per image at shape (1, 3, 384, 640)

0: 384x640 1 pedestrian, 28 cars, 94.9ms
Speed: 1.1ms preprocess, 94.9ms inference, 0.8ms postprocess per image at shape (1, 3, 384, 640)

0: 384x640 1 pedestrian, 29 cars, 107.0ms
Speed: 1.4ms preprocess, 107.0ms inference, 0.8ms postprocess per image at shape (1, 3, 384, 640)

0: 384x640 1 pedestrian, 29 cars, 94.0ms
Speed: 1.2ms preprocess, 94.0ms inference, 0.8ms postprocess per image at shape (1, 3, 384, 640)

0: 384x640 1 pedestrian, 28 cars, 96.8ms
Speed: 1.4ms preprocess, 96.8ms inference, 0.9ms postprocess per image at shape (1, 3, 384, 640)

0: 384x640 1 pedestrian, 28 cars, 91.4ms
Speed: 1.1ms preprocess, 91.4ms inference, 0.8ms postprocess per image at shape (1, 3, 384, 640)

0: 384x640 1 pedestrian, 29 cars, 109.2ms
Speed: 1.9ms preprocess, 109.2ms inference, 0.9ms postprocess per image at shape (1, 3, 384, 640)

0: 384x640 1 pedestrian, 30 cars, 100.2ms
Speed: 1.2ms preprocess, 100.2ms inference, 0.9ms postprocess per image at shape (1, 3, 384, 640)

0: 384x640 1 pedestrian, 29 cars, 111.7ms
Speed: 1.4ms preprocess, 111.7ms inference, 1.0ms postprocess per image at shape (1, 3, 384, 640)

0: 384x640 1 pedestrian, 29 cars, 93.1ms
Speed: 1.2ms preprocess, 93.1ms inference, 0.8ms postprocess per image at shape (1, 3, 384, 640)

0: 384x640 1 pedestrian, 29 cars, 97.8ms
Speed: 1.4ms preprocess, 97.8ms inference, 1.0ms postprocess per image at shape (1, 3, 384, 640)

0: 384x640 1 pedestrian, 29 cars, 94.5ms
Speed: 1.2ms preprocess, 94.5ms inference, 0.8ms postprocess per image at shape (1, 3, 384, 640)

0: 384x640 1 pedestrian, 30 cars, 98.1ms
Speed: 1.4ms preprocess, 98.1ms inference, 0.9ms postprocess per image at shape (1, 3, 384, 640)

0: 384x640 1 pedestrian, 30 cars, 92.4ms
Speed: 1.1ms preprocess, 92.4ms inference, 0.8ms postprocess per image at shape (1, 3, 384, 640)

0: 384x640 1 pedestrian, 29 cars, 109.4ms
Speed: 1.4ms preprocess, 109.4ms inference, 0.9ms postprocess per image at shape (1, 3, 384, 640)

0: 384x640 1 pedestrian, 29 cars, 101.5ms
Speed: 1.3ms preprocess, 101.5ms inference, 0.8ms postprocess per image at shape (1, 3, 384, 640)

0: 384x640 1 pedestrian, 31 cars, 108.2ms
Speed: 1.9ms preprocess, 108.2ms inference, 0.9ms postprocess per image at shape (1, 3, 384, 640)

0: 384x640 1 pedestrian, 31 cars, 101.5ms
Speed: 1.2ms preprocess, 101.5ms inference, 0.9ms postprocess per image at shape (1, 3, 384, 640)

0: 384x640 1 pedestrian, 31 cars, 110.7ms
Speed: 1.4ms preprocess, 110.7ms inference, 0.9ms postprocess per image at shape (1, 3, 384, 640)

0: 384x640 2 pedestrians, 31 cars, 92.3ms
Speed: 1.2ms preprocess, 92.3ms inference, 0.8ms postprocess per image at shape (1, 3, 384, 640)

0: 384x640 2 pedestrians, 31 cars, 111.3ms
Speed: 1.9ms preprocess, 111.3ms inference, 0.9ms postprocess per image at shape (1, 3, 384, 640)

0: 384x640 2 pedestrians, 31 cars, 107.2ms
Speed: 1.1ms preprocess, 107.2ms inference, 0.9ms postprocess per image at shape (1, 3, 384, 640)

0: 384x640 1 pedestrian, 31 cars, 114.6ms
Speed: 1.5ms preprocess, 114.6ms inference, 0.9ms postprocess per image at shape (1, 3, 384, 640)

0: 384x640 1 pedestrian, 31 cars, 106.3ms
Speed: 1.2ms preprocess, 106.3ms inference, 0.9ms postprocess per image at shape (1, 3, 384, 640)

0: 384x640 1 pedestrian, 31 cars, 95.7ms
Speed: 1.4ms preprocess, 95.7ms inference, 0.9ms postprocess per image at shape (1, 3, 384, 640)

0: 384x640 1 pedestrian, 31 cars, 91.5ms
Speed: 1.2ms preprocess, 91.5ms inference, 0.9ms postprocess per image at shape (1, 3, 384, 640)

0: 384x640 1 pedestrian, 30 cars, 102.5ms
Speed: 1.4ms preprocess, 102.5ms inference, 0.9ms postprocess per image at shape (1, 3, 384, 640)

0: 384x640 1 pedestrian, 30 cars, 100.6ms
Speed: 1.2ms preprocess, 100.6ms inference, 0.8ms postprocess per image at shape (1, 3, 384, 640)

0: 384x640 1 pedestrian, 29 cars, 95.9ms
Speed: 1.4ms preprocess, 95.9ms inference, 1.0ms postprocess per image at shape (1, 3, 384, 640)

0: 384x640 1 pedestrian, 29 cars, 92.8ms
Speed: 1.2ms preprocess, 92.8ms inference, 1.2ms postprocess per image at shape (1, 3, 384, 640)

0: 384x640 1 pedestrian, 29 cars, 104.0ms
Speed: 1.5ms preprocess, 104.0ms inference, 1.0ms postprocess per image at shape (1, 3, 384, 640)

0: 384x640 1 pedestrian, 29 cars, 93.1ms
Speed: 1.1ms preprocess, 93.1ms inference, 0.8ms postprocess per image at shape (1, 3, 384, 640)

0: 384x640 1 pedestrian, 29 cars, 104.4ms
Speed: 1.4ms preprocess, 104.4ms inference, 0.9ms postprocess per image at shape (1, 3, 384, 640)

0: 384x640 1 pedestrian, 29 cars, 92.4ms
Speed: 1.1ms preprocess, 92.4ms inference, 0.9ms postprocess per image at shape (1, 3, 384, 640)

0: 384x640 1 pedestrian, 28 cars, 97.6ms
Speed: 1.3ms preprocess, 97.6ms inference, 0.9ms postprocess per image at shape (1, 3, 384, 640)

0: 384x640 1 pedestrian, 28 cars, 92.0ms
Speed: 1.1ms preprocess, 92.0ms inference, 0.8ms postprocess per image at shape (1, 3, 384, 640)

0: 384x640 1 pedestrian, 28 cars, 105.0ms
Speed: 1.4ms preprocess, 105.0ms inference, 0.9ms postprocess per image at shape (1, 3, 384, 640)

0: 384x640 1 pedestrian, 30 cars, 91.3ms
Speed: 1.2ms preprocess, 91.3ms inference, 0.8ms postprocess per image at shape (1, 3, 384, 640)

0: 384x640 1 pedestrian, 28 cars, 98.5ms
Speed: 1.3ms preprocess, 98.5ms inference, 0.9ms postprocess per image at shape (1, 3, 384, 640)

0: 384x640 1 pedestrian, 29 cars, 95.4ms
Speed: 1.2ms preprocess, 95.4ms inference, 0.8ms postprocess per image at shape (1, 3, 384, 640)

0: 384x640 28 cars, 95.7ms
Speed: 1.3ms preprocess, 95.7ms inference, 0.9ms postprocess per image at shape (1, 3, 384, 640)

0: 384x640 29 cars, 90.4ms
Speed: 1.1ms preprocess, 90.4ms inference, 0.8ms postprocess per image at shape (1, 3, 384, 640)

0: 384x640 28 cars, 94.3ms
Speed: 1.3ms preprocess, 94.3ms inference, 0.8ms postprocess per image at shape (1, 3, 384, 640)

0: 384x640 28 cars, 92.2ms
Speed: 1.2ms preprocess, 92.2ms inference, 0.8ms postprocess per image at shape (1, 3, 384, 640)

0: 384x640 28 cars, 97.3ms
Speed: 1.3ms preprocess, 97.3ms inference, 0.9ms postprocess per image at shape (1, 3, 384, 640)

0: 384x640 28 cars, 90.6ms
Speed: 1.1ms preprocess, 90.6ms inference, 0.9ms postprocess per image at shape (1, 3, 384, 640)

0: 384x640 25 cars, 99.6ms
Speed: 2.0ms preprocess, 99.6ms inference, 0.9ms postprocess per image at shape (1, 3, 384, 640)

0: 384x640 26 cars, 1 van, 94.7ms
Speed: 1.1ms preprocess, 94.7ms inference, 0.8ms postprocess per image at shape (1, 3, 384, 640)

0: 384x640 27 cars, 98.3ms
Speed: 1.4ms preprocess, 98.3ms inference, 0.9ms postprocess per image at shape (1, 3, 384, 640)

0: 384x640 27 cars, 91.9ms
Speed: 1.1ms preprocess, 91.9ms inference, 0.8ms postprocess per image at shape (1, 3, 384, 640)

0: 384x640 26 cars, 113.7ms
Speed: 1.7ms preprocess, 113.7ms inference, 0.9ms postprocess per image at shape (1, 3, 384, 640)

0: 384x640 28 cars, 94.6ms
Speed: 1.2ms preprocess, 94.6ms inference, 0.8ms postprocess per image at shape (1, 3, 384, 640)

0: 384x640 27 cars, 102.1ms
Speed: 1.5ms preprocess, 102.1ms inference, 0.9ms postprocess per image at shape (1, 3, 384, 640)

0: 384x640 27 cars, 91.8ms
Speed: 1.1ms preprocess, 91.8ms inference, 0.8ms postprocess per image at shape (1, 3, 384, 640)

0: 384x640 27 cars, 100.4ms
Speed: 1.4ms preprocess, 100.4ms inference, 0.9ms postprocess per image at shape (1, 3, 384, 640)

0: 384x640 27 cars, 94.6ms
Speed: 1.1ms preprocess, 94.6ms inference, 0.9ms postprocess per image at shape (1, 3, 384, 640)

0: 384x640 27 cars, 94.5ms
Speed: 1.7ms preprocess, 94.5ms inference, 0.9ms postprocess per image at shape (1, 3, 384, 640)

0: 384x640 27 cars, 90.9ms
Speed: 1.2ms preprocess, 90.9ms inference, 0.8ms postprocess per image at shape (1, 3, 384, 640)

0: 384x640 26 cars, 104.9ms
Speed: 1.4ms preprocess, 104.9ms inference, 0.9ms postprocess per image at shape (1, 3, 384, 640)

0: 384x640 26 cars, 108.3ms
Speed: 1.2ms preprocess, 108.3ms inference, 0.9ms postprocess per image at shape (1, 3, 384, 640)

0: 384x640 1 pedestrian, 27 cars, 108.7ms
Speed: 1.6ms preprocess, 108.7ms inference, 0.8ms postprocess per image at shape (1, 3, 384, 640)

0: 384x640 1 pedestrian, 27 cars, 96.9ms
Speed: 1.2ms preprocess, 96.9ms inference, 0.9ms postprocess per image at shape (1, 3, 384, 640)

0: 384x640 1 pedestrian, 28 cars, 98.8ms
Speed: 1.4ms preprocess, 98.8ms inference, 0.9ms postprocess per image at shape (1, 3, 384, 640)

0: 384x640 1 pedestrian, 28 cars, 91.3ms
Speed: 1.2ms preprocess, 91.3ms inference, 0.9ms postprocess per image at shape (1, 3, 384, 640)

0: 384x640 1 pedestrian, 28 cars, 103.1ms
Speed: 1.6ms preprocess, 103.1ms inference, 0.9ms postprocess per image at shape (1, 3, 384, 640)

0: 384x640 1 pedestrian, 28 cars, 96.5ms
Speed: 1.2ms preprocess, 96.5ms inference, 0.9ms postprocess per image at shape (1, 3, 384, 640)

0: 384x640 1 pedestrian, 29 cars, 101.7ms
Speed: 1.4ms preprocess, 101.7ms inference, 0.9ms postprocess per image at shape (1, 3, 384, 640)

0: 384x640 1 pedestrian, 30 cars, 103.9ms
Speed: 1.2ms preprocess, 103.9ms inference, 0.9ms postprocess per image at shape (1, 3, 384, 640)

0: 384x640 1 pedestrian, 31 cars, 92.1ms
Speed: 1.4ms preprocess, 92.1ms inference, 0.9ms postprocess per image at shape (1, 3, 384, 640)

0: 384x640 1 pedestrian, 31 cars, 91.4ms
Speed: 1.2ms preprocess, 91.4ms inference, 0.9ms postprocess per image at shape (1, 3, 384, 640)

0: 384x640 1 pedestrian, 29 cars, 105.3ms
Speed: 1.7ms preprocess, 105.3ms inference, 0.9ms postprocess per image at shape (1, 3, 384, 640)

0: 384x640 1 pedestrian, 30 cars, 104.4ms
Speed: 1.2ms preprocess, 104.4ms inference, 0.9ms postprocess per image at shape (1, 3, 384, 640)

0: 384x640 1 pedestrian, 28 cars, 105.7ms
Speed: 1.5ms preprocess, 105.7ms inference, 0.9ms postprocess per image at shape (1, 3, 384, 640)

0: 384x640 1 pedestrian, 29 cars, 102.7ms
Speed: 1.2ms preprocess, 102.7ms inference, 0.9ms postprocess per image at shape (1, 3, 384, 640)

0: 384x640 1 pedestrian, 28 cars, 101.9ms
Speed: 1.4ms preprocess, 101.9ms inference, 0.9ms postprocess per image at shape (1, 3, 384, 640)

0: 384x640 1 pedestrian, 28 cars, 88.8ms
Speed: 1.2ms preprocess, 88.8ms inference, 0.9ms postprocess per image at shape (1, 3, 384, 640)

0: 384x640 1 pedestrian, 28 cars, 98.2ms
Speed: 1.5ms preprocess, 98.2ms inference, 0.9ms postprocess per image at shape (1, 3, 384, 640)

0: 384x640 1 pedestrian, 28 cars, 87.3ms
Speed: 1.2ms preprocess, 87.3ms inference, 0.9ms postprocess per image at shape (1, 3, 384, 640)

0: 384x640 1 pedestrian, 27 cars, 99.7ms
Speed: 1.5ms preprocess, 99.7ms inference, 0.9ms postprocess per image at shape (1, 3, 384, 640)

0: 384x640 1 pedestrian, 29 cars, 88.4ms
Speed: 1.2ms preprocess, 88.4ms inference, 1.0ms postprocess per image at shape (1, 3, 384, 640)

0: 384x640 1 pedestrian, 27 cars, 98.6ms
Speed: 1.5ms preprocess, 98.6ms inference, 0.9ms postprocess per image at shape (1, 3, 384, 640)

0: 384x640 1 pedestrian, 27 cars, 87.2ms
Speed: 1.2ms preprocess, 87.2ms inference, 1.0ms postprocess per image at shape (1, 3, 384, 640)

0: 384x640 1 pedestrian, 26 cars, 94.9ms
Speed: 1.5ms preprocess, 94.9ms inference, 0.9ms postprocess per image at shape (1, 3, 384, 640)

0: 384x640 1 pedestrian, 26 cars, 90.7ms
Speed: 1.2ms preprocess, 90.7ms inference, 0.9ms postprocess per image at shape (1, 3, 384, 640)

0: 384x640 1 pedestrian, 27 cars, 100.4ms
Speed: 1.7ms preprocess, 100.4ms inference, 0.9ms postprocess per image at shape (1, 3, 384, 640)

0: 384x640 1 pedestrian, 27 cars, 125.8ms
Speed: 1.2ms preprocess, 125.8ms inference, 1.3ms postprocess per image at shape (1, 3, 384, 640)

0: 384x640 1 pedestrian, 28 cars, 107.9ms
Speed: 1.9ms preprocess, 107.9ms inference, 0.9ms postprocess per image at shape (1, 3, 384, 640)

0: 384x640 1 pedestrian, 28 cars, 91.3ms
Speed: 1.1ms preprocess, 91.3ms inference, 0.9ms postprocess per image at shape (1, 3, 384, 640)

0: 384x640 1 pedestrian, 28 cars, 94.9ms
Speed: 1.6ms preprocess, 94.9ms inference, 0.9ms postprocess per image at shape (1, 3, 384, 640)

0: 384x640 1 pedestrian, 28 cars, 89.4ms
Speed: 1.2ms preprocess, 89.4ms inference, 1.0ms postprocess per image at shape (1, 3, 384, 640)

0: 384x640 1 pedestrian, 29 cars, 101.1ms
Speed: 1.7ms preprocess, 101.1ms inference, 1.0ms postprocess per image at shape (1, 3, 384, 640)

0: 384x640 1 pedestrian, 29 cars, 89.8ms
Speed: 1.2ms preprocess, 89.8ms inference, 0.9ms postprocess per image at shape (1, 3, 384, 640)

0: 384x640 1 pedestrian, 29 cars, 104.2ms
Speed: 1.6ms preprocess, 104.2ms inference, 0.9ms postprocess per image at shape (1, 3, 384, 640)

0: 384x640 1 pedestrian, 29 cars, 89.0ms
Speed: 1.2ms preprocess, 89.0ms inference, 0.9ms postprocess per image at shape (1, 3, 384, 640)

0: 384x640 1 pedestrian, 29 cars, 104.7ms
Speed: 1.7ms preprocess, 104.7ms inference, 0.9ms postprocess per image at shape (1, 3, 384, 640)

0: 384x640 1 pedestrian, 31 cars, 89.2ms
Speed: 1.2ms preprocess, 89.2ms inference, 1.0ms postprocess per image at shape (1, 3, 384, 640)

0: 384x640 1 pedestrian, 30 cars, 97.3ms
Speed: 1.7ms preprocess, 97.3ms inference, 0.9ms postprocess per image at shape (1, 3, 384, 640)

0: 384x640 1 pedestrian, 30 cars, 100.8ms
Speed: 1.2ms preprocess, 100.8ms inference, 1.0ms postprocess per image at shape (1, 3, 384, 640)

0: 384x640 1 pedestrian, 27 cars, 98.0ms
Speed: 1.7ms preprocess, 98.0ms inference, 0.9ms postprocess per image at shape (1, 3, 384, 640)

0: 384x640 1 pedestrian, 27 cars, 89.8ms
Speed: 1.2ms preprocess, 89.8ms inference, 0.9ms postprocess per image at shape (1, 3, 384, 640)

0: 384x640 1 pedestrian, 26 cars, 97.6ms
Speed: 1.4ms preprocess, 97.6ms inference, 0.9ms postprocess per image at shape (1, 3, 384, 640)

0: 384x640 1 pedestrian, 26 cars, 89.1ms
Speed: 1.2ms preprocess, 89.1ms inference, 1.0ms postprocess per image at shape (1, 3, 384, 640)

0: 384x640 1 pedestrian, 26 cars, 108.3ms
Speed: 1.8ms preprocess, 108.3ms inference, 0.9ms postprocess per image at shape (1, 3, 384, 640)

0: 384x640 1 pedestrian, 26 cars, 1 motor, 90.4ms
Speed: 1.2ms preprocess, 90.4ms inference, 1.0ms postprocess per image at shape (1, 3, 384, 640)

0: 384x640 1 pedestrian, 25 cars, 98.8ms
Speed: 1.7ms preprocess, 98.8ms inference, 0.9ms postprocess per image at shape (1, 3, 384, 640)

0: 384x640 1 pedestrian, 25 cars, 88.9ms
Speed: 1.1ms preprocess, 88.9ms inference, 0.9ms postprocess per image at shape (1, 3, 384, 640)

0: 384x640 1 pedestrian, 25 cars, 99.5ms
Speed: 1.3ms preprocess, 99.5ms inference, 1.0ms postprocess per image at shape (1, 3, 384, 640)

0: 384x640 1 pedestrian, 25 cars, 92.3ms
Speed: 1.2ms preprocess, 92.3ms inference, 1.0ms postprocess per image at shape (1, 3, 384, 640)

0: 384x640 1 pedestrian, 25 cars, 95.3ms
Speed: 1.5ms preprocess, 95.3ms inference, 0.9ms postprocess per image at shape (1, 3, 384, 640)

0: 384x640 1 pedestrian, 25 cars, 89.1ms
Speed: 1.2ms preprocess, 89.1ms inference, 0.9ms postprocess per image at shape (1, 3, 384, 640)

0: 384x640 1 pedestrian, 26 cars, 109.4ms
Speed: 1.7ms preprocess, 109.4ms inference, 0.9ms postprocess per image at shape (1, 3, 384, 640)

0: 384x640 1 pedestrian, 27 cars, 101.0ms
Speed: 1.2ms preprocess, 101.0ms inference, 0.9ms postprocess per image at shape (1, 3, 384, 640)

0: 384x640 1 pedestrian, 25 cars, 112.2ms
Speed: 2.0ms preprocess, 112.2ms inference, 0.9ms postprocess per image at shape (1, 3, 384, 640)

0: 384x640 1 pedestrian, 26 cars, 101.6ms
Speed: 1.2ms preprocess, 101.6ms inference, 0.9ms postprocess per image at shape (1, 3, 384, 640)

0: 384x640 1 pedestrian, 27 cars, 115.5ms
Speed: 1.6ms preprocess, 115.5ms inference, 1.1ms postprocess per image at shape (1, 3, 384, 640)

0: 384x640 1 pedestrian, 27 cars, 103.7ms
Speed: 1.3ms preprocess, 103.7ms inference, 0.9ms postprocess per image at shape (1, 3, 384, 640)

0: 384x640 1 pedestrian, 25 cars, 109.5ms
Speed: 1.7ms preprocess, 109.5ms inference, 0.9ms postprocess per image at shape (1, 3, 384, 640)

0: 384x640 1 pedestrian, 26 cars, 108.8ms
Speed: 1.4ms preprocess, 108.8ms inference, 0.9ms postprocess per image at shape (1, 3, 384, 640)

0: 384x640 1 pedestrian, 25 cars, 108.6ms
Speed: 1.6ms preprocess, 108.6ms inference, 0.9ms postprocess per image at shape (1, 3, 384, 640)

0: 384x640 1 pedestrian, 25 cars, 100.4ms
Speed: 1.3ms preprocess, 100.4ms inference, 0.9ms postprocess per image at shape (1, 3, 384, 640)

0: 384x640 1 pedestrian, 26 cars, 109.1ms
Speed: 1.8ms preprocess, 109.1ms inference, 1.0ms postprocess per image at shape (1, 3, 384, 640)

0: 384x640 1 pedestrian, 26 cars, 93.1ms
Speed: 1.7ms preprocess, 93.1ms inference, 1.0ms postprocess per image at shape (1, 3, 384, 640)

0: 384x640 1 pedestrian, 25 cars, 95.9ms
Speed: 1.6ms preprocess, 95.9ms inference, 0.9ms postprocess per image at shape (1, 3, 384, 640)

0: 384x640 1 pedestrian, 26 cars, 91.4ms
Speed: 1.2ms preprocess, 91.4ms inference, 1.0ms postprocess per image at shape (1, 3, 384, 640)

0: 384x640 1 pedestrian, 26 cars, 98.2ms
Speed: 1.5ms preprocess, 98.2ms inference, 1.0ms postprocess per image at shape (1, 3, 384, 640)

0: 384x640 1 pedestrian, 27 cars, 91.2ms
Speed: 1.2ms preprocess, 91.2ms inference, 0.9ms postprocess per image at shape (1, 3, 384, 640)

0: 384x640 1 pedestrian, 26 cars, 97.2ms
Speed: 1.6ms preprocess, 97.2ms inference, 0.9ms postprocess per image at shape (1, 3, 384, 640)

0: 384x640 1 pedestrian, 26 cars, 95.3ms
Speed: 2.3ms preprocess, 95.3ms inference, 1.0ms postprocess per image at shape (1, 3, 384, 640)

0: 384x640 1 pedestrian, 26 cars, 104.0ms
Speed: 2.1ms preprocess, 104.0ms inference, 0.9ms postprocess per image at shape (1, 3, 384, 640)

0: 384x640 1 pedestrian, 26 cars, 100.9ms
Speed: 1.2ms preprocess, 100.9ms inference, 1.3ms postprocess per image at shape (1, 3, 384, 640)

0: 384x640 1 pedestrian, 24 cars, 95.1ms
Speed: 1.6ms preprocess, 95.1ms inference, 1.0ms postprocess per image at shape (1, 3, 384, 640)

0: 384x640 1 pedestrian, 24 cars, 96.8ms
Speed: 1.2ms preprocess, 96.8ms inference, 1.0ms postprocess per image at shape (1, 3, 384, 640)

0: 384x640 1 pedestrian, 24 cars, 96.9ms
Speed: 1.7ms preprocess, 96.9ms inference, 1.0ms postprocess per image at shape (1, 3, 384, 640)

0: 384x640 1 pedestrian, 24 cars, 91.5ms
Speed: 1.2ms preprocess, 91.5ms inference, 0.9ms postprocess per image at shape (1, 3, 384, 640)

0: 384x640 1 pedestrian, 25 cars, 99.6ms
Speed: 1.5ms preprocess, 99.6ms inference, 0.9ms postprocess per image at shape (1, 3, 384, 640)

0: 384x640 1 pedestrian, 25 cars, 98.7ms
Speed: 1.2ms preprocess, 98.7ms inference, 1.0ms postprocess per image at shape (1, 3, 384, 640)

0: 384x640 25 cars, 113.5ms
Speed: 1.9ms preprocess, 113.5ms inference, 0.9ms postprocess per image at shape (1, 3, 384, 640)

0: 384x640 25 cars, 92.9ms
Speed: 1.2ms preprocess, 92.9ms inference, 1.1ms postprocess per image at shape (1, 3, 384, 640)

0: 384x640 25 cars, 108.9ms
Speed: 1.7ms preprocess, 108.9ms inference, 1.0ms postprocess per image at shape (1, 3, 384, 640)

0: 384x640 25 cars, 109.1ms
Speed: 1.4ms preprocess, 109.1ms inference, 1.0ms postprocess per image at shape (1, 3, 384, 640)

0: 384x640 25 cars, 117.0ms
Speed: 1.6ms preprocess, 117.0ms inference, 1.0ms postprocess per image at shape (1, 3, 384, 640)

0: 384x640 25 cars, 113.6ms
Speed: 1.2ms preprocess, 113.6ms inference, 1.0ms postprocess per image at shape (1, 3, 384, 640)

0: 384x640 24 cars, 100.0ms
Speed: 1.7ms preprocess, 100.0ms inference, 1.0ms postprocess per image at shape (1, 3, 384, 640)

0: 384x640 24 cars, 94.2ms
Speed: 1.4ms preprocess, 94.2ms inference, 1.1ms postprocess per image at shape (1, 3, 384, 640)

0: 384x640 25 cars, 99.8ms
Speed: 1.6ms preprocess, 99.8ms inference, 1.0ms postprocess per image at shape (1, 3, 384, 640)

0: 384x640 25 cars, 91.1ms
Speed: 1.2ms preprocess, 91.1ms inference, 1.0ms postprocess per image at shape (1, 3, 384, 640)

0: 384x640 23 cars, 106.4ms
Speed: 1.4ms preprocess, 106.4ms inference, 0.9ms postprocess per image at shape (1, 3, 384, 640)

0: 384x640 23 cars, 102.5ms
Speed: 1.2ms preprocess, 102.5ms inference, 0.9ms postprocess per image at shape (1, 3, 384, 640)

0: 384x640 23 cars, 110.2ms
Speed: 1.5ms preprocess, 110.2ms inference, 0.9ms postprocess per image at shape (1, 3, 384, 640)

0: 384x640 23 cars, 101.3ms
Speed: 1.3ms preprocess, 101.3ms inference, 0.9ms postprocess per image at shape (1, 3, 384, 640)

0: 384x640 22 cars, 99.1ms
Speed: 1.4ms preprocess, 99.1ms inference, 0.9ms postprocess per image at shape (1, 3, 384, 640)

0: 384x640 22 cars, 100.7ms
Speed: 1.2ms preprocess, 100.7ms inference, 0.9ms postprocess per image at shape (1, 3, 384, 640)

0: 384x640 23 cars, 95.0ms
Speed: 1.8ms preprocess, 95.0ms inference, 0.9ms postprocess per image at shape (1, 3, 384, 640)

0: 384x640 23 cars, 88.2ms
Speed: 1.2ms preprocess, 88.2ms inference, 1.0ms postprocess per image at shape (1, 3, 384, 640)

0: 384x640 23 cars, 95.8ms
Speed: 1.5ms preprocess, 95.8ms inference, 0.9ms postprocess per image at shape (1, 3, 384, 640)

0: 384x640 23 cars, 95.9ms
Speed: 1.2ms preprocess, 95.9ms inference, 0.9ms postprocess per image at shape (1, 3, 384, 640)

0: 384x640 1 pedestrian, 23 cars, 107.1ms
Speed: 1.5ms preprocess, 107.1ms inference, 0.9ms postprocess per image at shape (1, 3, 384, 640)

0: 384x640 1 pedestrian, 25 cars, 88.9ms
Speed: 1.2ms preprocess, 88.9ms inference, 0.9ms postprocess per image at shape (1, 3, 384, 640)

0: 384x640 1 pedestrian, 22 cars, 106.0ms
Speed: 1.9ms preprocess, 106.0ms inference, 1.0ms postprocess per image at shape (1, 3, 384, 640)

0: 384x640 1 pedestrian, 22 cars, 88.3ms
Speed: 1.2ms preprocess, 88.3ms inference, 0.9ms postprocess per image at shape (1, 3, 384, 640)

0: 384x640 22 cars, 91.3ms
Speed: 1.5ms preprocess, 91.3ms inference, 1.0ms postprocess per image at shape (1, 3, 384, 640)

0: 384x640 22 cars, 99.7ms
Speed: 1.2ms preprocess, 99.7ms inference, 0.9ms postprocess per image at shape (1, 3, 384, 640)

0: 384x640 23 cars, 107.3ms
Speed: 1.4ms preprocess, 107.3ms inference, 1.0ms postprocess per image at shape (1, 3, 384, 640)

0: 384x640 23 cars, 101.5ms
Speed: 1.2ms preprocess, 101.5ms inference, 0.9ms postprocess per image at shape (1, 3, 384, 640)

0: 384x640 23 cars, 89.6ms
Speed: 1.5ms preprocess, 89.6ms inference, 1.0ms postprocess per image at shape (1, 3, 384, 640)

0: 384x640 23 cars, 92.0ms
Speed: 1.2ms preprocess, 92.0ms inference, 0.9ms postprocess per image at shape (1, 3, 384, 640)

0: 384x640 24 cars, 91.1ms
Speed: 1.4ms preprocess, 91.1ms inference, 0.9ms postprocess per image at shape (1, 3, 384, 640)

0: 384x640 25 cars, 92.1ms
Speed: 1.2ms preprocess, 92.1ms inference, 0.9ms postprocess per image at shape (1, 3, 384, 640)

0: 384x640 24 cars, 98.6ms
Speed: 1.4ms preprocess, 98.6ms inference, 0.9ms postprocess per image at shape (1, 3, 384, 640)

0: 384x640 24 cars, 88.5ms
Speed: 1.2ms preprocess, 88.5ms inference, 0.9ms postprocess per image at shape (1, 3, 384, 640)

0: 384x640 24 cars, 95.2ms
Speed: 1.4ms preprocess, 95.2ms inference, 0.9ms postprocess per image at shape (1, 3, 384, 640)

0: 384x640 24 cars, 89.8ms
Speed: 1.3ms preprocess, 89.8ms inference, 0.9ms postprocess per image at shape (1, 3, 384, 640)

0: 384x640 24 cars, 89.8ms
Speed: 1.3ms preprocess, 89.8ms inference, 1.0ms postprocess per image at shape (1, 3, 384, 640)

0: 384x640 24 cars, 90.4ms
Speed: 1.2ms preprocess, 90.4ms inference, 0.9ms postprocess per image at shape (1, 3, 384, 640)

0: 384x640 23 cars, 98.3ms
Speed: 1.4ms preprocess, 98.3ms inference, 1.0ms postprocess per image at shape (1, 3, 384, 640)

0: 384x640 23 cars, 92.4ms
Speed: 1.3ms preprocess, 92.4ms inference, 0.9ms postprocess per image at shape (1, 3, 384, 640)

0: 384x640 25 cars, 91.6ms
Speed: 1.4ms preprocess, 91.6ms inference, 0.9ms postprocess per image at shape (1, 3, 384, 640)

0: 384x640 25 cars, 98.6ms
Speed: 1.3ms preprocess, 98.6ms inference, 0.9ms postprocess per image at shape (1, 3, 384, 640)

0: 384x640 25 cars, 90.2ms
Speed: 1.6ms preprocess, 90.2ms inference, 0.9ms postprocess per image at shape (1, 3, 384, 640)

0: 384x640 25 cars, 92.3ms
Speed: 1.2ms preprocess, 92.3ms inference, 0.9ms postprocess per image at shape (1, 3, 384, 640)

0: 384x640 1 pedestrian, 25 cars, 89.9ms
Speed: 1.4ms preprocess, 89.9ms inference, 0.9ms postprocess per image at shape (1, 3, 384, 640)

0: 384x640 1 pedestrian, 25 cars, 89.9ms
Speed: 1.2ms preprocess, 89.9ms inference, 0.9ms postprocess per image at shape (1, 3, 384, 640)

0: 384x640 1 pedestrian, 25 cars, 90.1ms
Speed: 1.4ms preprocess, 90.1ms inference, 0.9ms postprocess per image at shape (1, 3, 384, 640)

0: 384x640 1 pedestrian, 25 cars, 89.6ms
Speed: 1.2ms preprocess, 89.6ms inference, 1.0ms postprocess per image at shape (1, 3, 384, 640)

0: 384x640 1 pedestrian, 25 cars, 96.9ms
Speed: 1.6ms preprocess, 96.9ms inference, 1.0ms postprocess per image at shape (1, 3, 384, 640)

0: 384x640 1 pedestrian, 25 cars, 105.3ms
Speed: 1.2ms preprocess, 105.3ms inference, 1.0ms postprocess per image at shape (1, 3, 384, 640)

0: 384x640 1 pedestrian, 24 cars, 113.8ms
Speed: 1.4ms preprocess, 113.8ms inference, 1.0ms postprocess per image at shape (1, 3, 384, 640)

0: 384x640 1 pedestrian, 24 cars, 111.2ms
Speed: 1.2ms preprocess, 111.2ms inference, 0.9ms postprocess per image at shape (1, 3, 384, 640)

0: 384x640 24 cars, 112.0ms
Speed: 1.3ms preprocess, 112.0ms inference, 0.9ms postprocess per image at shape (1, 3, 384, 640)

0: 384x640 24 cars, 104.9ms
Speed: 1.3ms preprocess, 104.9ms inference, 1.0ms postprocess per image at shape (1, 3, 384, 640)

0: 384x640 24 cars, 110.3ms
Speed: 1.4ms preprocess, 110.3ms inference, 1.0ms postprocess per image at shape (1, 3, 384, 640)

0: 384x640 27 cars, 130.1ms
Speed: 1.2ms preprocess, 130.1ms inference, 1.2ms postprocess per image at shape (1, 3, 384, 640)

0: 384x640 1 pedestrian, 26 cars, 110.6ms
Speed: 1.4ms preprocess, 110.6ms inference, 1.0ms postprocess per image at shape (1, 3, 384, 640)

0: 384x640 1 pedestrian, 26 cars, 102.8ms
Speed: 1.2ms preprocess, 102.8ms inference, 0.9ms postprocess per image at shape (1, 3, 384, 640)

0: 384x640 1 pedestrian, 26 cars, 96.8ms
Speed: 1.4ms preprocess, 96.8ms inference, 0.9ms postprocess per image at shape (1, 3, 384, 640)

0: 384x640 1 pedestrian, 26 cars, 97.5ms
Speed: 1.2ms preprocess, 97.5ms inference, 0.9ms postprocess per image at shape (1, 3, 384, 640)

0: 384x640 1 pedestrian, 27 cars, 104.2ms
Speed: 1.6ms preprocess, 104.2ms inference, 0.9ms postprocess per image at shape (1, 3, 384, 640)

0: 384x640 1 pedestrian, 27 cars, 93.1ms
Speed: 1.3ms preprocess, 93.1ms inference, 0.9ms postprocess per image at shape (1, 3, 384, 640)

0: 384x640 1 pedestrian, 25 cars, 105.6ms
Speed: 1.5ms preprocess, 105.6ms inference, 0.9ms postprocess per image at shape (1, 3, 384, 640)

0: 384x640 1 pedestrian, 25 cars, 94.8ms
Speed: 1.2ms preprocess, 94.8ms inference, 1.0ms postprocess per image at shape (1, 3, 384, 640)

0: 384x640 25 cars, 121.0ms
Speed: 1.9ms preprocess, 121.0ms inference, 0.9ms postprocess per image at shape (1, 3, 384, 640)

0: 384x640 26 cars, 96.1ms
Speed: 1.3ms preprocess, 96.1ms inference, 1.0ms postprocess per image at shape (1, 3, 384, 640)

0: 384x640 1 pedestrian, 26 cars, 95.3ms
Speed: 1.3ms preprocess, 95.3ms inference, 0.9ms postprocess per image at shape (1, 3, 384, 640)

0: 384x640 1 pedestrian, 26 cars, 98.9ms
Speed: 1.2ms preprocess, 98.9ms inference, 1.0ms postprocess per image at shape (1, 3, 384, 640)